2019-04-25 10:50:31 [main] WARN  UserDAOImplementation:117 - You have an error in your SQL syntax; check the manual that corresponds to your MariaDB server version for the right syntax to use near 'delete from users where user_id=2' at line 1
com.mysql.jdbc.exceptions.jdbc4.MySQLSyntaxErrorException: You have an error in your SQL syntax; check the manual that corresponds to your MariaDB server version for the right syntax to use near 'delete from users where user_id=2' at line 1
	at sun.reflect.NativeConstructorAccessorImpl.newInstance0(Native Method) ~[?:1.8.0_191]
	at sun.reflect.NativeConstructorAccessorImpl.newInstance(NativeConstructorAccessorImpl.java:62) ~[?:1.8.0_191]
	at sun.reflect.DelegatingConstructorAccessorImpl.newInstance(DelegatingConstructorAccessorImpl.java:45) ~[?:1.8.0_191]
	at java.lang.reflect.Constructor.newInstance(Constructor.java:423) ~[?:1.8.0_191]
	at com.mysql.jdbc.Util.handleNewInstance(Util.java:425) ~[mysql-connector-java-5.1.47.jar:5.1.47]
	at com.mysql.jdbc.Util.getInstance(Util.java:408) ~[mysql-connector-java-5.1.47.jar:5.1.47]
	at com.mysql.jdbc.SQLError.createSQLException(SQLError.java:944) ~[mysql-connector-java-5.1.47.jar:5.1.47]
	at com.mysql.jdbc.MysqlIO.checkErrorPacket(MysqlIO.java:3978) ~[mysql-connector-java-5.1.47.jar:5.1.47]
	at com.mysql.jdbc.MysqlIO.checkErrorPacket(MysqlIO.java:3914) ~[mysql-connector-java-5.1.47.jar:5.1.47]
	at com.mysql.jdbc.MysqlIO.sendCommand(MysqlIO.java:2530) ~[mysql-connector-java-5.1.47.jar:5.1.47]
	at com.mysql.jdbc.MysqlIO.sqlQueryDirect(MysqlIO.java:2683) ~[mysql-connector-java-5.1.47.jar:5.1.47]
	at com.mysql.jdbc.ConnectionImpl.execSQL(ConnectionImpl.java:2495) ~[mysql-connector-java-5.1.47.jar:5.1.47]
	at com.mysql.jdbc.PreparedStatement.executeInternal(PreparedStatement.java:1903) ~[mysql-connector-java-5.1.47.jar:5.1.47]
	at com.mysql.jdbc.PreparedStatement.executeQuery(PreparedStatement.java:2011) ~[mysql-connector-java-5.1.47.jar:5.1.47]
	at by.training.finaltask.dao.mysql.UserDAOImplementation.delete(UserDAOImplementation.java:112) [classes/:?]
	at by.training.finaltask.dao.mysql.UserDAOImplementationTest.testDelete(UserDAOImplementationTest.java:51) [Task_FinalProject_WebApplication/:?]
	at sun.reflect.NativeMethodAccessorImpl.invoke0(Native Method) ~[?:1.8.0_191]
	at sun.reflect.NativeMethodAccessorImpl.invoke(NativeMethodAccessorImpl.java:62) ~[?:1.8.0_191]
	at sun.reflect.DelegatingMethodAccessorImpl.invoke(DelegatingMethodAccessorImpl.java:43) ~[?:1.8.0_191]
	at java.lang.reflect.Method.invoke(Method.java:498) ~[?:1.8.0_191]
	at org.testng.internal.MethodInvocationHelper.invokeMethod(MethodInvocationHelper.java:131) [testng-7.0.0-beta3.jar:?]
	at org.testng.internal.TestInvoker.invokeMethod(TestInvoker.java:570) [testng-7.0.0-beta3.jar:?]
	at org.testng.internal.TestInvoker.invokeTestMethod(TestInvoker.java:170) [testng-7.0.0-beta3.jar:?]
	at org.testng.internal.MethodRunner.runInSequence(MethodRunner.java:46) [testng-7.0.0-beta3.jar:?]
	at org.testng.internal.TestInvoker$MethodInvocationAgent.invoke(TestInvoker.java:790) [testng-7.0.0-beta3.jar:?]
	at org.testng.internal.TestInvoker.invokeTestMethods(TestInvoker.java:143) [testng-7.0.0-beta3.jar:?]
	at org.testng.internal.TestMethodWorker.invokeTestMethods(TestMethodWorker.java:146) [testng-7.0.0-beta3.jar:?]
	at org.testng.internal.TestMethodWorker.run(TestMethodWorker.java:128) [testng-7.0.0-beta3.jar:?]
	at org.testng.TestRunner.privateRun(TestRunner.java:763) [testng-7.0.0-beta3.jar:?]
	at org.testng.TestRunner.run(TestRunner.java:594) [testng-7.0.0-beta3.jar:?]
	at org.testng.SuiteRunner.runTest(SuiteRunner.java:398) [testng-7.0.0-beta3.jar:?]
	at org.testng.SuiteRunner.runSequentially(SuiteRunner.java:392) [testng-7.0.0-beta3.jar:?]
	at org.testng.SuiteRunner.privateRun(SuiteRunner.java:355) [testng-7.0.0-beta3.jar:?]
	at org.testng.SuiteRunner.run(SuiteRunner.java:304) [testng-7.0.0-beta3.jar:?]
	at org.testng.SuiteRunnerWorker.runSuite(SuiteRunnerWorker.java:53) [testng-7.0.0-beta3.jar:?]
	at org.testng.SuiteRunnerWorker.run(SuiteRunnerWorker.java:96) [testng-7.0.0-beta3.jar:?]
	at org.testng.TestNG.runSuitesSequentially(TestNG.java:1146) [testng-7.0.0-beta3.jar:?]
	at org.testng.TestNG.runSuitesLocally(TestNG.java:1067) [testng-7.0.0-beta3.jar:?]
	at org.testng.TestNG.runSuites(TestNG.java:997) [testng-7.0.0-beta3.jar:?]
	at org.testng.TestNG.run(TestNG.java:965) [testng-7.0.0-beta3.jar:?]
	at org.testng.IDEARemoteTestNG.run(IDEARemoteTestNG.java:73) [testng-plugin.jar:?]
	at org.testng.RemoteTestNGStarter.main(RemoteTestNGStarter.java:123) [testng-plugin.jar:?]
2019-04-25 10:50:51 [main] WARN  UserDAOImplementation:117 - Can not issue data manipulation statements with executeQuery().
java.sql.SQLException: Can not issue data manipulation statements with executeQuery().
	at com.mysql.jdbc.SQLError.createSQLException(SQLError.java:965) ~[mysql-connector-java-5.1.47.jar:5.1.47]
	at com.mysql.jdbc.SQLError.createSQLException(SQLError.java:898) ~[mysql-connector-java-5.1.47.jar:5.1.47]
	at com.mysql.jdbc.SQLError.createSQLException(SQLError.java:887) ~[mysql-connector-java-5.1.47.jar:5.1.47]
	at com.mysql.jdbc.SQLError.createSQLException(SQLError.java:861) ~[mysql-connector-java-5.1.47.jar:5.1.47]
	at com.mysql.jdbc.StatementImpl.checkForDml(StatementImpl.java:469) ~[mysql-connector-java-5.1.47.jar:5.1.47]
	at com.mysql.jdbc.PreparedStatement.executeQuery(PreparedStatement.java:1968) ~[mysql-connector-java-5.1.47.jar:5.1.47]
	at by.training.finaltask.dao.mysql.UserDAOImplementation.delete(UserDAOImplementation.java:112) [classes/:?]
	at by.training.finaltask.dao.mysql.UserDAOImplementationTest.testDelete(UserDAOImplementationTest.java:51) [Task_FinalProject_WebApplication/:?]
	at sun.reflect.NativeMethodAccessorImpl.invoke0(Native Method) ~[?:1.8.0_191]
	at sun.reflect.NativeMethodAccessorImpl.invoke(NativeMethodAccessorImpl.java:62) ~[?:1.8.0_191]
	at sun.reflect.DelegatingMethodAccessorImpl.invoke(DelegatingMethodAccessorImpl.java:43) ~[?:1.8.0_191]
	at java.lang.reflect.Method.invoke(Method.java:498) ~[?:1.8.0_191]
	at org.testng.internal.MethodInvocationHelper.invokeMethod(MethodInvocationHelper.java:131) [testng-7.0.0-beta3.jar:?]
	at org.testng.internal.TestInvoker.invokeMethod(TestInvoker.java:570) [testng-7.0.0-beta3.jar:?]
	at org.testng.internal.TestInvoker.invokeTestMethod(TestInvoker.java:170) [testng-7.0.0-beta3.jar:?]
	at org.testng.internal.MethodRunner.runInSequence(MethodRunner.java:46) [testng-7.0.0-beta3.jar:?]
	at org.testng.internal.TestInvoker$MethodInvocationAgent.invoke(TestInvoker.java:790) [testng-7.0.0-beta3.jar:?]
	at org.testng.internal.TestInvoker.invokeTestMethods(TestInvoker.java:143) [testng-7.0.0-beta3.jar:?]
	at org.testng.internal.TestMethodWorker.invokeTestMethods(TestMethodWorker.java:146) [testng-7.0.0-beta3.jar:?]
	at org.testng.internal.TestMethodWorker.run(TestMethodWorker.java:128) [testng-7.0.0-beta3.jar:?]
	at org.testng.TestRunner.privateRun(TestRunner.java:763) [testng-7.0.0-beta3.jar:?]
	at org.testng.TestRunner.run(TestRunner.java:594) [testng-7.0.0-beta3.jar:?]
	at org.testng.SuiteRunner.runTest(SuiteRunner.java:398) [testng-7.0.0-beta3.jar:?]
	at org.testng.SuiteRunner.runSequentially(SuiteRunner.java:392) [testng-7.0.0-beta3.jar:?]
	at org.testng.SuiteRunner.privateRun(SuiteRunner.java:355) [testng-7.0.0-beta3.jar:?]
	at org.testng.SuiteRunner.run(SuiteRunner.java:304) [testng-7.0.0-beta3.jar:?]
	at org.testng.SuiteRunnerWorker.runSuite(SuiteRunnerWorker.java:53) [testng-7.0.0-beta3.jar:?]
	at org.testng.SuiteRunnerWorker.run(SuiteRunnerWorker.java:96) [testng-7.0.0-beta3.jar:?]
	at org.testng.TestNG.runSuitesSequentially(TestNG.java:1146) [testng-7.0.0-beta3.jar:?]
	at org.testng.TestNG.runSuitesLocally(TestNG.java:1067) [testng-7.0.0-beta3.jar:?]
	at org.testng.TestNG.runSuites(TestNG.java:997) [testng-7.0.0-beta3.jar:?]
	at org.testng.TestNG.run(TestNG.java:965) [testng-7.0.0-beta3.jar:?]
	at org.testng.IDEARemoteTestNG.run(IDEARemoteTestNG.java:73) [testng-plugin.jar:?]
	at org.testng.RemoteTestNGStarter.main(RemoteTestNGStarter.java:123) [testng-plugin.jar:?]
2019-04-26 09:43:26 [main] WARN  UserDAOImplementation:138 - Duplicate entry 'Vladimir11' for key 'username'
com.mysql.jdbc.exceptions.jdbc4.MySQLIntegrityConstraintViolationException: Duplicate entry 'Vladimir11' for key 'username'
	at sun.reflect.NativeConstructorAccessorImpl.newInstance0(Native Method) ~[?:1.8.0_191]
	at sun.reflect.NativeConstructorAccessorImpl.newInstance(NativeConstructorAccessorImpl.java:62) ~[?:1.8.0_191]
	at sun.reflect.DelegatingConstructorAccessorImpl.newInstance(DelegatingConstructorAccessorImpl.java:45) ~[?:1.8.0_191]
	at java.lang.reflect.Constructor.newInstance(Constructor.java:423) ~[?:1.8.0_191]
	at com.mysql.jdbc.Util.handleNewInstance(Util.java:425) ~[mysql-connector-java-5.1.47.jar:5.1.47]
	at com.mysql.jdbc.Util.getInstance(Util.java:408) ~[mysql-connector-java-5.1.47.jar:5.1.47]
	at com.mysql.jdbc.SQLError.createSQLException(SQLError.java:936) ~[mysql-connector-java-5.1.47.jar:5.1.47]
	at com.mysql.jdbc.MysqlIO.checkErrorPacket(MysqlIO.java:3978) ~[mysql-connector-java-5.1.47.jar:5.1.47]
	at com.mysql.jdbc.MysqlIO.checkErrorPacket(MysqlIO.java:3914) ~[mysql-connector-java-5.1.47.jar:5.1.47]
	at com.mysql.jdbc.MysqlIO.sendCommand(MysqlIO.java:2530) ~[mysql-connector-java-5.1.47.jar:5.1.47]
	at com.mysql.jdbc.MysqlIO.sqlQueryDirect(MysqlIO.java:2683) ~[mysql-connector-java-5.1.47.jar:5.1.47]
	at com.mysql.jdbc.ConnectionImpl.execSQL(ConnectionImpl.java:2495) ~[mysql-connector-java-5.1.47.jar:5.1.47]
	at com.mysql.jdbc.PreparedStatement.executeInternal(PreparedStatement.java:1903) ~[mysql-connector-java-5.1.47.jar:5.1.47]
	at com.mysql.jdbc.PreparedStatement.executeUpdateInternal(PreparedStatement.java:2124) ~[mysql-connector-java-5.1.47.jar:5.1.47]
	at com.mysql.jdbc.PreparedStatement.executeUpdateInternal(PreparedStatement.java:2058) ~[mysql-connector-java-5.1.47.jar:5.1.47]
	at com.mysql.jdbc.PreparedStatement.executeLargeUpdate(PreparedStatement.java:5158) ~[mysql-connector-java-5.1.47.jar:5.1.47]
	at com.mysql.jdbc.PreparedStatement.executeUpdate(PreparedStatement.java:2043) ~[mysql-connector-java-5.1.47.jar:5.1.47]
	at by.training.finaltask.dao.mysql.UserDAOImplementation.add(UserDAOImplementation.java:133) [classes/:?]
	at by.training.finaltask.dao.mysql.UserDAOImplementationTest.testAdd(UserDAOImplementationTest.java:66) [Task_FinalProject_WebApplication/:?]
	at sun.reflect.NativeMethodAccessorImpl.invoke0(Native Method) ~[?:1.8.0_191]
	at sun.reflect.NativeMethodAccessorImpl.invoke(NativeMethodAccessorImpl.java:62) ~[?:1.8.0_191]
	at sun.reflect.DelegatingMethodAccessorImpl.invoke(DelegatingMethodAccessorImpl.java:43) ~[?:1.8.0_191]
	at java.lang.reflect.Method.invoke(Method.java:498) ~[?:1.8.0_191]
	at org.testng.internal.MethodInvocationHelper.invokeMethod(MethodInvocationHelper.java:131) [testng-7.0.0-beta3.jar:?]
	at org.testng.internal.TestInvoker.invokeMethod(TestInvoker.java:570) [testng-7.0.0-beta3.jar:?]
	at org.testng.internal.TestInvoker.invokeTestMethod(TestInvoker.java:170) [testng-7.0.0-beta3.jar:?]
	at org.testng.internal.MethodRunner.runInSequence(MethodRunner.java:46) [testng-7.0.0-beta3.jar:?]
	at org.testng.internal.TestInvoker$MethodInvocationAgent.invoke(TestInvoker.java:790) [testng-7.0.0-beta3.jar:?]
	at org.testng.internal.TestInvoker.invokeTestMethods(TestInvoker.java:143) [testng-7.0.0-beta3.jar:?]
	at org.testng.internal.TestMethodWorker.invokeTestMethods(TestMethodWorker.java:146) [testng-7.0.0-beta3.jar:?]
	at org.testng.internal.TestMethodWorker.run(TestMethodWorker.java:128) [testng-7.0.0-beta3.jar:?]
	at org.testng.TestRunner.privateRun(TestRunner.java:763) [testng-7.0.0-beta3.jar:?]
	at org.testng.TestRunner.run(TestRunner.java:594) [testng-7.0.0-beta3.jar:?]
	at org.testng.SuiteRunner.runTest(SuiteRunner.java:398) [testng-7.0.0-beta3.jar:?]
	at org.testng.SuiteRunner.runSequentially(SuiteRunner.java:392) [testng-7.0.0-beta3.jar:?]
	at org.testng.SuiteRunner.privateRun(SuiteRunner.java:355) [testng-7.0.0-beta3.jar:?]
	at org.testng.SuiteRunner.run(SuiteRunner.java:304) [testng-7.0.0-beta3.jar:?]
	at org.testng.SuiteRunnerWorker.runSuite(SuiteRunnerWorker.java:53) [testng-7.0.0-beta3.jar:?]
	at org.testng.SuiteRunnerWorker.run(SuiteRunnerWorker.java:96) [testng-7.0.0-beta3.jar:?]
	at org.testng.TestNG.runSuitesSequentially(TestNG.java:1146) [testng-7.0.0-beta3.jar:?]
	at org.testng.TestNG.runSuitesLocally(TestNG.java:1067) [testng-7.0.0-beta3.jar:?]
	at org.testng.TestNG.runSuites(TestNG.java:997) [testng-7.0.0-beta3.jar:?]
	at org.testng.TestNG.run(TestNG.java:965) [testng-7.0.0-beta3.jar:?]
	at org.testng.IDEARemoteTestNG.run(IDEARemoteTestNG.java:73) [testng-plugin.jar:?]
	at org.testng.RemoteTestNGStarter.main(RemoteTestNGStarter.java:123) [testng-plugin.jar:?]
